<?xml version="1.0" encoding="UTF-8"?>
<testsuite xmlns:xsi="http://www.w3.org/2001/XMLSchema-instance" xsi:noNamespaceSchemaLocation="https://maven.apache.org/surefire/maven-surefire-plugin/xsd/surefire-test-report-3.0.xsd" version="3.0" name="cn.iocoder.yudao.module.system.framework.sms.core.client.impl.HuaweiSmsClientTest" time="0.016" tests="4" errors="0" skipped="0" failures="0">
  <properties>
    <property name="sun.desktop" value="windows"/>
    <property name="awt.toolkit" value="sun.awt.windows.WToolkit"/>
    <property name="file.encoding.pkg" value="sun.io"/>
    <property name="java.specification.version" value="1.8"/>
    <property name="sun.cpu.isalist" value="amd64"/>
    <property name="sun.jnu.encoding" value="GBK"/>
    <property name="java.class.path" value="E:\JZT-java\yudao-cloud01\yudao-module-system\yudao-module-system-biz\target\test-classes;E:\JZT-java\yudao-cloud01\yudao-module-system\yudao-module-system-biz\target\classes;E:\JZT-java\yudao-cloud01\yudao-framework\yudao-spring-boot-starter-env\target\yudao-spring-boot-starter-env-2.3.0-jdk8-SNAPSHOT.jar;E:\JZT-java\yudao-cloud01\yudao-framework\yudao-common\target\yudao-common-2.3.0-jdk8-SNAPSHOT.jar;D:\Java\apache-maven-3.6.3\repository\org\mapstruct\mapstruct\1.6.2\mapstruct-1.6.2.jar;D:\Java\apache-maven-3.6.3\repository\org\mapstruct\mapstruct-jdk8\1.6.2\mapstruct-jdk8-1.6.2.jar;D:\Java\apache-maven-3.6.3\repository\org\mapstruct\mapstruct-processor\1.6.2\mapstruct-processor-1.6.2.jar;D:\Java\apache-maven-3.6.3\repository\cn\hutool\hutool-all\5.8.32\hutool-all-5.8.32.jar;D:\Java\apache-maven-3.6.3\repository\com\alibaba\transmittable-thread-local\2.14.5\transmittable-thread-local-2.14.5.jar;D:\Java\apache-maven-3.6.3\repository\org\jsoup\jsoup\1.18.1\jsoup-1.18.1.jar;D:\Java\apache-maven-3.6.3\repository\com\fhs-opensource\easy-trans-anno\3.0.6\easy-trans-anno-3.0.6.jar;D:\Java\apache-maven-3.6.3\repository\org\springframework\boot\spring-boot-starter\2.7.18\spring-boot-starter-2.7.18.jar;D:\Java\apache-maven-3.6.3\repository\org\springframework\boot\spring-boot\2.7.18\spring-boot-2.7.18.jar;D:\Java\apache-maven-3.6.3\repository\org\springframework\boot\spring-boot-starter-logging\2.7.18\spring-boot-starter-logging-2.7.18.jar;D:\Java\apache-maven-3.6.3\repository\ch\qos\logback\logback-classic\1.2.13\logback-classic-1.2.13.jar;D:\Java\apache-maven-3.6.3\repository\ch\qos\logback\logback-core\1.2.13\logback-core-1.2.13.jar;D:\Java\apache-maven-3.6.3\repository\org\apache\logging\log4j\log4j-to-slf4j\2.17.2\log4j-to-slf4j-2.17.2.jar;D:\Java\apache-maven-3.6.3\repository\org\apache\logging\log4j\log4j-api\2.17.2\log4j-api-2.17.2.jar;D:\Java\apache-maven-3.6.3\repository\org\slf4j\jul-to-slf4j\1.7.36\jul-to-slf4j-1.7.36.jar;D:\Java\apache-maven-3.6.3\repository\org\springframework\spring-core\5.3.39\spring-core-5.3.39.jar;D:\Java\apache-maven-3.6.3\repository\org\springframework\spring-jcl\5.3.39\spring-jcl-5.3.39.jar;D:\Java\apache-maven-3.6.3\repository\org\yaml\snakeyaml\1.30\snakeyaml-1.30.jar;D:\Java\apache-maven-3.6.3\repository\org\springframework\spring-web\5.3.39\spring-web-5.3.39.jar;D:\Java\apache-maven-3.6.3\repository\org\springframework\spring-beans\5.3.39\spring-beans-5.3.39.jar;D:\Java\apache-maven-3.6.3\repository\jakarta\servlet\jakarta.servlet-api\4.0.4\jakarta.servlet-api-4.0.4.jar;D:\Java\apache-maven-3.6.3\repository\org\springframework\cloud\spring-cloud-loadbalancer\3.1.8\spring-cloud-loadbalancer-3.1.8.jar;D:\Java\apache-maven-3.6.3\repository\io\projectreactor\reactor-core\3.4.34\reactor-core-3.4.34.jar;D:\Java\apache-maven-3.6.3\repository\org\reactivestreams\reactive-streams\1.0.4\reactive-streams-1.0.4.jar;D:\Java\apache-maven-3.6.3\repository\io\projectreactor\addons\reactor-extra\3.4.10\reactor-extra-3.4.10.jar;D:\Java\apache-maven-3.6.3\repository\io\github\openfeign\feign-core\11.10\feign-core-11.10.jar;E:\JZT-java\yudao-cloud01\yudao-module-system\yudao-module-system-api\target\yudao-module-system-api-2.3.0-jdk8-SNAPSHOT.jar;E:\JZT-java\yudao-cloud01\yudao-module-infra\yudao-module-infra-api\target\yudao-module-infra-api-2.3.0-jdk8-SNAPSHOT.jar;E:\JZT-java\yudao-cloud01\yudao-framework\yudao-spring-boot-starter-biz-data-permission\target\yudao-spring-boot-starter-biz-data-permission-2.3.0-jdk8-SNAPSHOT.jar;E:\JZT-java\yudao-cloud01\yudao-framework\yudao-spring-boot-starter-biz-tenant\target\yudao-spring-boot-starter-biz-tenant-2.3.0-jdk8-SNAPSHOT.jar;D:\Java\apache-maven-3.6.3\repository\com\google\guava\guava\33.2.1-jre\guava-33.2.1-jre.jar;D:\Java\apache-maven-3.6.3\repository\com\google\guava\failureaccess\1.0.2\failureaccess-1.0.2.jar;D:\Java\apache-maven-3.6.3\repository\com\google\guava\listenablefuture\9999.0-empty-to-avoid-conflict-with-guava\listenablefuture-9999.0-empty-to-avoid-conflict-with-guava.jar;D:\Java\apache-maven-3.6.3\repository\com\google\code\findbugs\jsr305\3.0.2\jsr305-3.0.2.jar;D:\Java\apache-maven-3.6.3\repository\org\checkerframework\checker-qual\3.42.0\checker-qual-3.42.0.jar;D:\Java\apache-maven-3.6.3\repository\com\google\errorprone\error_prone_annotations\2.26.1\error_prone_annotations-2.26.1.jar;D:\Java\apache-maven-3.6.3\repository\com\google\j2objc\j2objc-annotations\3.0.0\j2objc-annotations-3.0.0.jar;E:\JZT-java\yudao-cloud01\yudao-framework\yudao-spring-boot-starter-biz-ip\target\yudao-spring-boot-starter-biz-ip-2.3.0-jdk8-SNAPSHOT.jar;D:\Java\apache-maven-3.6.3\repository\org\lionsoul\ip2region\2.7.0\ip2region-2.7.0.jar;D:\Java\apache-maven-3.6.3\repository\org\projectlombok\lombok\1.18.34\lombok-1.18.34.jar;E:\JZT-java\yudao-cloud01\yudao-framework\yudao-spring-boot-starter-security\target\yudao-spring-boot-starter-security-2.3.0-jdk8-SNAPSHOT.jar;D:\Java\apache-maven-3.6.3\repository\org\springframework\boot\spring-boot-starter-aop\2.7.18\spring-boot-starter-aop-2.7.18.jar;D:\Java\apache-maven-3.6.3\repository\org\springframework\spring-aop\5.3.39\spring-aop-5.3.39.jar;D:\Java\apache-maven-3.6.3\repository\org\aspectj\aspectjweaver\1.9.7\aspectjweaver-1.9.7.jar;E:\JZT-java\yudao-cloud01\yudao-framework\yudao-spring-boot-starter-web\target\yudao-spring-boot-starter-web-2.3.0-jdk8-SNAPSHOT.jar;D:\Java\apache-maven-3.6.3\repository\org\springframework\boot\spring-boot-starter-web\2.7.18\spring-boot-starter-web-2.7.18.jar;D:\Java\apache-maven-3.6.3\repository\org\springframework\boot\spring-boot-starter-json\2.7.18\spring-boot-starter-json-2.7.18.jar;D:\Java\apache-maven-3.6.3\repository\com\fasterxml\jackson\datatype\jackson-datatype-jdk8\2.13.5\jackson-datatype-jdk8-2.13.5.jar;D:\Java\apache-maven-3.6.3\repository\com\fasterxml\jackson\module\jackson-module-parameter-names\2.13.5\jackson-module-parameter-names-2.13.5.jar;D:\Java\apache-maven-3.6.3\repository\org\springframework\boot\spring-boot-starter-tomcat\2.7.18\spring-boot-starter-tomcat-2.7.18.jar;D:\Java\apache-maven-3.6.3\repository\org\apache\tomcat\embed\tomcat-embed-core\9.0.83\tomcat-embed-core-9.0.83.jar;D:\Java\apache-maven-3.6.3\repository\org\apache\tomcat\embed\tomcat-embed-websocket\9.0.83\tomcat-embed-websocket-9.0.83.jar;D:\Java\apache-maven-3.6.3\repository\org\springframework\spring-webmvc\5.3.39\spring-webmvc-5.3.39.jar;D:\Java\apache-maven-3.6.3\repository\org\springframework\boot\spring-boot-starter-validation\2.7.18\spring-boot-starter-validation-2.7.18.jar;D:\Java\apache-maven-3.6.3\repository\org\apache\tomcat\embed\tomcat-embed-el\9.0.83\tomcat-embed-el-9.0.83.jar;D:\Java\apache-maven-3.6.3\repository\com\github\xiaoymin\knife4j-openapi3-spring-boot-starter\4.5.0\knife4j-openapi3-spring-boot-starter-4.5.0.jar;D:\Java\apache-maven-3.6.3\repository\com\github\xiaoymin\knife4j-core\4.5.0\knife4j-core-4.5.0.jar;D:\Java\apache-maven-3.6.3\repository\com\github\xiaoymin\knife4j-openapi3-ui\4.5.0\knife4j-openapi3-ui-4.5.0.jar;D:\Java\apache-maven-3.6.3\repository\org\springdoc\springdoc-openapi-ui\1.7.0\springdoc-openapi-ui-1.7.0.jar;D:\Java\apache-maven-3.6.3\repository\org\springdoc\springdoc-openapi-webmvc-core\1.7.0\springdoc-openapi-webmvc-core-1.7.0.jar;D:\Java\apache-maven-3.6.3\repository\org\springdoc\springdoc-openapi-common\1.7.0\springdoc-openapi-common-1.7.0.jar;D:\Java\apache-maven-3.6.3\repository\io\swagger\core\v3\swagger-core\2.2.9\swagger-core-2.2.9.jar;D:\Java\apache-maven-3.6.3\repository\io\swagger\core\v3\swagger-annotations\2.2.9\swagger-annotations-2.2.9.jar;D:\Java\apache-maven-3.6.3\repository\io\swagger\core\v3\swagger-models\2.2.9\swagger-models-2.2.9.jar;D:\Java\apache-maven-3.6.3\repository\org\webjars\swagger-ui\4.18.2\swagger-ui-4.18.2.jar;D:\Java\apache-maven-3.6.3\repository\org\springframework\boot\spring-boot-starter-security\2.7.18\spring-boot-starter-security-2.7.18.jar;D:\Java\apache-maven-3.6.3\repository\org\springframework\security\spring-security-config\5.8.14\spring-security-config-5.8.14.jar;D:\Java\apache-maven-3.6.3\repository\org\springframework\security\spring-security-core\5.8.14\spring-security-core-5.8.14.jar;D:\Java\apache-maven-3.6.3\repository\org\springframework\security\spring-security-web\5.8.14\spring-security-web-5.8.14.jar;D:\Java\apache-maven-3.6.3\repository\org\springframework\spring-expression\5.3.39\spring-expression-5.3.39.jar;D:\Java\apache-maven-3.6.3\repository\io\github\mouzt\bizlog-sdk\3.0.6\bizlog-sdk-3.0.6.jar;D:\Java\apache-maven-3.6.3\repository\de\danielbechler\java-object-diff\0.95\java-object-diff-0.95.jar;D:\Java\apache-maven-3.6.3\repository\com\google\code\findbugs\annotations\3.0.1\annotations-3.0.1.jar;D:\Java\apache-maven-3.6.3\repository\org\hibernate\validator\hibernate-validator\6.2.5.Final\hibernate-validator-6.2.5.Final.jar;D:\Java\apache-maven-3.6.3\repository\org\jboss\logging\jboss-logging\3.4.3.Final\jboss-logging-3.4.3.Final.jar;D:\Java\apache-maven-3.6.3\repository\com\fasterxml\classmate\1.5.1\classmate-1.5.1.jar;E:\JZT-java\yudao-cloud01\yudao-framework\yudao-spring-boot-starter-mybatis\target\yudao-spring-boot-starter-mybatis-2.3.0-jdk8-SNAPSHOT.jar;D:\Java\apache-maven-3.6.3\repository\com\mysql\mysql-connector-j\8.0.33\mysql-connector-j-8.0.33.jar;D:\Java\apache-maven-3.6.3\repository\com\alibaba\druid-spring-boot-starter\1.2.23\druid-spring-boot-starter-1.2.23.jar;D:\Java\apache-maven-3.6.3\repository\com\alibaba\druid\1.2.23\druid-1.2.23.jar;D:\Java\apache-maven-3.6.3\repository\org\glassfish\jaxb\jaxb-runtime\2.3.9\jaxb-runtime-2.3.9.jar;D:\Java\apache-maven-3.6.3\repository\org\glassfish\jaxb\txw2\2.3.9\txw2-2.3.9.jar;D:\Java\apache-maven-3.6.3\repository\com\sun\istack\istack-commons-runtime\3.0.12\istack-commons-runtime-3.0.12.jar;D:\Java\apache-maven-3.6.3\repository\com\baomidou\mybatis-plus-boot-starter\3.5.7\mybatis-plus-boot-starter-3.5.7.jar;D:\Java\apache-maven-3.6.3\repository\com\baomidou\mybatis-plus\3.5.7\mybatis-plus-3.5.7.jar;D:\Java\apache-maven-3.6.3\repository\com\baomidou\mybatis-plus-core\3.5.7\mybatis-plus-core-3.5.7.jar;D:\Java\apache-maven-3.6.3\repository\com\baomidou\mybatis-plus-annotation\3.5.7\mybatis-plus-annotation-3.5.7.jar;D:\Java\apache-maven-3.6.3\repository\com\baomidou\mybatis-plus-extension\3.5.7\mybatis-plus-extension-3.5.7.jar;D:\Java\apache-maven-3.6.3\repository\org\mybatis\mybatis\3.5.16\mybatis-3.5.16.jar;D:\Java\apache-maven-3.6.3\repository\com\github\jsqlparser\jsqlparser\4.9\jsqlparser-4.9.jar;D:\Java\apache-maven-3.6.3\repository\org\mybatis\mybatis-spring\2.1.2\mybatis-spring-2.1.2.jar;D:\Java\apache-maven-3.6.3\repository\com\baomidou\mybatis-plus-spring-boot-autoconfigure\3.5.7\mybatis-plus-spring-boot-autoconfigure-3.5.7.jar;D:\Java\apache-maven-3.6.3\repository\org\springframework\boot\spring-boot-starter-jdbc\2.7.18\spring-boot-starter-jdbc-2.7.18.jar;D:\Java\apache-maven-3.6.3\repository\com\zaxxer\HikariCP\4.0.3\HikariCP-4.0.3.jar;D:\Java\apache-maven-3.6.3\repository\org\springframework\spring-jdbc\5.3.39\spring-jdbc-5.3.39.jar;D:\Java\apache-maven-3.6.3\repository\com\baomidou\dynamic-datasource-spring-boot-starter\4.3.1\dynamic-datasource-spring-boot-starter-4.3.1.jar;D:\Java\apache-maven-3.6.3\repository\com\baomidou\dynamic-datasource-spring-boot-common\4.3.1\dynamic-datasource-spring-boot-common-4.3.1.jar;D:\Java\apache-maven-3.6.3\repository\com\baomidou\dynamic-datasource-spring\4.3.1\dynamic-datasource-spring-4.3.1.jar;D:\Java\apache-maven-3.6.3\repository\com\baomidou\dynamic-datasource-creator\4.3.1\dynamic-datasource-creator-4.3.1.jar;D:\Java\apache-maven-3.6.3\repository\com\github\yulichang\mybatis-plus-join-boot-starter\1.4.13\mybatis-plus-join-boot-starter-1.4.13.jar;D:\Java\apache-maven-3.6.3\repository\com\github\yulichang\mybatis-plus-join-extension\1.4.13\mybatis-plus-join-extension-1.4.13.jar;D:\Java\apache-maven-3.6.3\repository\com\github\yulichang\mybatis-plus-join-core\1.4.13\mybatis-plus-join-core-1.4.13.jar;D:\Java\apache-maven-3.6.3\repository\com\github\yulichang\mybatis-plus-join-annotation\1.4.13\mybatis-plus-join-annotation-1.4.13.jar;D:\Java\apache-maven-3.6.3\repository\com\github\yulichang\mybatis-plus-join-adapter-v33x\1.4.13\mybatis-plus-join-adapter-v33x-1.4.13.jar;D:\Java\apache-maven-3.6.3\repository\com\github\yulichang\mybatis-plus-join-adapter-base\1.4.13\mybatis-plus-join-adapter-base-1.4.13.jar;D:\Java\apache-maven-3.6.3\repository\com\github\yulichang\mybatis-plus-join-adapter-jsqlparser\1.4.13\mybatis-plus-join-adapter-jsqlparser-1.4.13.jar;D:\Java\apache-maven-3.6.3\repository\com\github\yulichang\mybatis-plus-join-adapter-jsqlparser-v46\1.4.13\mybatis-plus-join-adapter-jsqlparser-v46-1.4.13.jar;D:\Java\apache-maven-3.6.3\repository\com\github\yulichang\mybatis-plus-join-adapter-v3431\1.4.13\mybatis-plus-join-adapter-v3431-1.4.13.jar;D:\Java\apache-maven-3.6.3\repository\com\github\yulichang\mybatis-plus-join-adapter-v352\1.4.13\mybatis-plus-join-adapter-v352-1.4.13.jar;D:\Java\apache-maven-3.6.3\repository\com\github\yulichang\mybatis-plus-join-adapter-v355\1.4.13\mybatis-plus-join-adapter-v355-1.4.13.jar;D:\Java\apache-maven-3.6.3\repository\com\fhs-opensource\easy-trans-spring-boot-starter\3.0.6\easy-trans-spring-boot-starter-3.0.6.jar;D:\Java\apache-maven-3.6.3\repository\com\fhs-opensource\easy-trans-service\3.0.6\easy-trans-service-3.0.6.jar;D:\Java\apache-maven-3.6.3\repository\net\bytebuddy\byte-buddy\1.12.23\byte-buddy-1.12.23.jar;D:\Java\apache-maven-3.6.3\repository\com\github\ben-manes\caffeine\caffeine\2.9.3\caffeine-2.9.3.jar;D:\Java\apache-maven-3.6.3\repository\com\fhs-opensource\easy-trans-mybatis-plus-extend\3.0.6\easy-trans-mybatis-plus-extend-3.0.6.jar;D:\Java\apache-maven-3.6.3\repository\org\springframework\spring-context\5.3.39\spring-context-5.3.39.jar;E:\JZT-java\yudao-cloud01\yudao-framework\yudao-spring-boot-starter-redis\target\yudao-spring-boot-starter-redis-2.3.0-jdk8-SNAPSHOT.jar;D:\Java\apache-maven-3.6.3\repository\org\redisson\redisson-spring-boot-starter\3.36.0\redisson-spring-boot-starter-3.36.0.jar;D:\Java\apache-maven-3.6.3\repository\org\springframework\boot\spring-boot-starter-actuator\2.7.18\spring-boot-starter-actuator-2.7.18.jar;D:\Java\apache-maven-3.6.3\repository\org\springframework\boot\spring-boot-actuator-autoconfigure\2.7.18\spring-boot-actuator-autoconfigure-2.7.18.jar;D:\Java\apache-maven-3.6.3\repository\org\springframework\boot\spring-boot-actuator\2.7.18\spring-boot-actuator-2.7.18.jar;D:\Java\apache-maven-3.6.3\repository\org\springframework\boot\spring-boot-starter-data-redis\2.7.18\spring-boot-starter-data-redis-2.7.18.jar;D:\Java\apache-maven-3.6.3\repository\org\redisson\redisson\3.36.0\redisson-3.36.0.jar;D:\Java\apache-maven-3.6.3\repository\io\netty\netty-common\4.1.113.Final\netty-common-4.1.113.Final.jar;D:\Java\apache-maven-3.6.3\repository\io\netty\netty-codec\4.1.113.Final\netty-codec-4.1.113.Final.jar;D:\Java\apache-maven-3.6.3\repository\io\netty\netty-buffer\4.1.113.Final\netty-buffer-4.1.113.Final.jar;D:\Java\apache-maven-3.6.3\repository\io\netty\netty-transport\4.1.113.Final\netty-transport-4.1.113.Final.jar;D:\Java\apache-maven-3.6.3\repository\io\netty\netty-resolver\4.1.113.Final\netty-resolver-4.1.113.Final.jar;D:\Java\apache-maven-3.6.3\repository\io\netty\netty-resolver-dns\4.1.113.Final\netty-resolver-dns-4.1.113.Final.jar;D:\Java\apache-maven-3.6.3\repository\io\netty\netty-codec-dns\4.1.113.Final\netty-codec-dns-4.1.113.Final.jar;D:\Java\apache-maven-3.6.3\repository\io\netty\netty-handler\4.1.113.Final\netty-handler-4.1.113.Final.jar;D:\Java\apache-maven-3.6.3\repository\io\netty\netty-transport-native-unix-common\4.1.113.Final\netty-transport-native-unix-common-4.1.113.Final.jar;D:\Java\apache-maven-3.6.3\repository\javax\cache\cache-api\1.1.1\cache-api-1.1.1.jar;D:\Java\apache-maven-3.6.3\repository\io\reactivex\rxjava3\rxjava\3.1.8\rxjava-3.1.8.jar;D:\Java\apache-maven-3.6.3\repository\com\esotericsoftware\kryo\5.6.0\kryo-5.6.0.jar;D:\Java\apache-maven-3.6.3\repository\com\esotericsoftware\reflectasm\1.11.9\reflectasm-1.11.9.jar;D:\Java\apache-maven-3.6.3\repository\com\esotericsoftware\minlog\1.3.1\minlog-1.3.1.jar;D:\Java\apache-maven-3.6.3\repository\com\fasterxml\jackson\dataformat\jackson-dataformat-yaml\2.13.5\jackson-dataformat-yaml-2.13.5.jar;D:\Java\apache-maven-3.6.3\repository\org\jodd\jodd-util\6.2.2\jodd-util-6.2.2.jar;D:\Java\apache-maven-3.6.3\repository\org\redisson\redisson-spring-data-27\3.36.0\redisson-spring-data-27-3.36.0.jar;D:\Java\apache-maven-3.6.3\repository\org\springframework\data\spring-data-redis\2.7.18\spring-data-redis-2.7.18.jar;D:\Java\apache-maven-3.6.3\repository\org\springframework\data\spring-data-keyvalue\2.7.18\spring-data-keyvalue-2.7.18.jar;D:\Java\apache-maven-3.6.3\repository\org\springframework\data\spring-data-commons\2.7.18\spring-data-commons-2.7.18.jar;D:\Java\apache-maven-3.6.3\repository\org\springframework\spring-tx\5.3.39\spring-tx-5.3.39.jar;D:\Java\apache-maven-3.6.3\repository\org\springframework\spring-oxm\5.3.39\spring-oxm-5.3.39.jar;D:\Java\apache-maven-3.6.3\repository\org\springframework\boot\spring-boot-starter-cache\2.7.18\spring-boot-starter-cache-2.7.18.jar;D:\Java\apache-maven-3.6.3\repository\com\fasterxml\jackson\datatype\jackson-datatype-jsr310\2.13.5\jackson-datatype-jsr310-2.13.5.jar;D:\Java\apache-maven-3.6.3\repository\com\fasterxml\jackson\core\jackson-annotations\2.13.5\jackson-annotations-2.13.5.jar;D:\Java\apache-maven-3.6.3\repository\com\fasterxml\jackson\core\jackson-core\2.13.5\jackson-core-2.13.5.jar;D:\Java\apache-maven-3.6.3\repository\com\fasterxml\jackson\core\jackson-databind\2.13.5\jackson-databind-2.13.5.jar;E:\JZT-java\yudao-cloud01\yudao-framework\yudao-spring-boot-starter-rpc\target\yudao-spring-boot-starter-rpc-2.3.0-jdk8-SNAPSHOT.jar;D:\Java\apache-maven-3.6.3\repository\org\springframework\cloud\spring-cloud-starter-loadbalancer\3.1.8\spring-cloud-starter-loadbalancer-3.1.8.jar;D:\Java\apache-maven-3.6.3\repository\org\springframework\cloud\spring-cloud-starter\3.1.8\spring-cloud-starter-3.1.8.jar;D:\Java\apache-maven-3.6.3\repository\org\springframework\security\spring-security-rsa\1.0.12.RELEASE\spring-security-rsa-1.0.12.RELEASE.jar;D:\Java\apache-maven-3.6.3\repository\org\bouncycastle\bcpkix-jdk18on\1.73\bcpkix-jdk18on-1.73.jar;D:\Java\apache-maven-3.6.3\repository\org\bouncycastle\bcprov-jdk18on\1.73\bcprov-jdk18on-1.73.jar;D:\Java\apache-maven-3.6.3\repository\org\bouncycastle\bcutil-jdk18on\1.73\bcutil-jdk18on-1.73.jar;D:\Java\apache-maven-3.6.3\repository\com\stoyanr\evictor\1.0.0\evictor-1.0.0.jar;D:\Java\apache-maven-3.6.3\repository\org\springframework\cloud\spring-cloud-starter-openfeign\3.1.9\spring-cloud-starter-openfeign-3.1.9.jar;D:\Java\apache-maven-3.6.3\repository\org\springframework\cloud\spring-cloud-openfeign-core\3.1.9\spring-cloud-openfeign-core-3.1.9.jar;D:\Java\apache-maven-3.6.3\repository\io\github\openfeign\form\feign-form-spring\3.8.0\feign-form-spring-3.8.0.jar;D:\Java\apache-maven-3.6.3\repository\io\github\openfeign\form\feign-form\3.8.0\feign-form-3.8.0.jar;D:\Java\apache-maven-3.6.3\repository\commons-fileupload\commons-fileupload\1.5\commons-fileupload-1.5.jar;D:\Java\apache-maven-3.6.3\repository\io\github\openfeign\feign-slf4j\11.10\feign-slf4j-11.10.jar;D:\Java\apache-maven-3.6.3\repository\io\github\openfeign\feign-okhttp\11.10\feign-okhttp-11.10.jar;D:\Java\apache-maven-3.6.3\repository\com\squareup\okhttp3\okhttp\4.9.3\okhttp-4.9.3.jar;D:\Java\apache-maven-3.6.3\repository\com\squareup\okio\okio\2.8.0\okio-2.8.0.jar;D:\Java\apache-maven-3.6.3\repository\org\jetbrains\kotlin\kotlin-stdlib-common\1.6.21\kotlin-stdlib-common-1.6.21.jar;D:\Java\apache-maven-3.6.3\repository\org\jetbrains\kotlin\kotlin-stdlib\1.6.21\kotlin-stdlib-1.6.21.jar;D:\Java\apache-maven-3.6.3\repository\org\jetbrains\annotations\13.0\annotations-13.0.jar;D:\Java\apache-maven-3.6.3\repository\jakarta\validation\jakarta.validation-api\2.0.2\jakarta.validation-api-2.0.2.jar;D:\Java\apache-maven-3.6.3\repository\com\alibaba\cloud\spring-cloud-starter-alibaba-nacos-discovery\2021.0.6.1\spring-cloud-starter-alibaba-nacos-discovery-2021.0.6.1.jar;D:\Java\apache-maven-3.6.3\repository\com\alibaba\cloud\spring-cloud-alibaba-commons\2021.0.6.1\spring-cloud-alibaba-commons-2021.0.6.1.jar;D:\Java\apache-maven-3.6.3\repository\com\alibaba\nacos\nacos-client\2.2.0\nacos-client-2.2.0.jar;D:\Java\apache-maven-3.6.3\repository\com\alibaba\nacos\nacos-auth-plugin\2.2.0\nacos-auth-plugin-2.2.0.jar;D:\Java\apache-maven-3.6.3\repository\com\alibaba\nacos\nacos-encryption-plugin\2.2.0\nacos-encryption-plugin-2.2.0.jar;D:\Java\apache-maven-3.6.3\repository\commons-codec\commons-codec\1.15\commons-codec-1.15.jar;D:\Java\apache-maven-3.6.3\repository\org\apache\httpcomponents\httpasyncclient\4.1.5\httpasyncclient-4.1.5.jar;D:\Java\apache-maven-3.6.3\repository\org\apache\httpcomponents\httpcore\4.4.16\httpcore-4.4.16.jar;D:\Java\apache-maven-3.6.3\repository\org\apache\httpcomponents\httpcore-nio\4.4.16\httpcore-nio-4.4.16.jar;D:\Java\apache-maven-3.6.3\repository\org\apache\httpcomponents\httpclient\4.5.14\httpclient-4.5.14.jar;D:\Java\apache-maven-3.6.3\repository\io\prometheus\simpleclient\0.15.0\simpleclient-0.15.0.jar;D:\Java\apache-maven-3.6.3\repository\io\prometheus\simpleclient_tracer_otel\0.15.0\simpleclient_tracer_otel-0.15.0.jar;D:\Java\apache-maven-3.6.3\repository\io\prometheus\simpleclient_tracer_common\0.15.0\simpleclient_tracer_common-0.15.0.jar;D:\Java\apache-maven-3.6.3\repository\io\prometheus\simpleclient_tracer_otel_agent\0.15.0\simpleclient_tracer_otel_agent-0.15.0.jar;D:\Java\apache-maven-3.6.3\repository\com\alibaba\spring\spring-context-support\1.0.11\spring-context-support-1.0.11.jar;D:\Java\apache-maven-3.6.3\repository\org\springframework\cloud\spring-cloud-commons\3.1.8\spring-cloud-commons-3.1.8.jar;D:\Java\apache-maven-3.6.3\repository\org\springframework\security\spring-security-crypto\5.8.14\spring-security-crypto-5.8.14.jar;D:\Java\apache-maven-3.6.3\repository\org\springframework\cloud\spring-cloud-context\3.1.8\spring-cloud-context-3.1.8.jar;D:\Java\apache-maven-3.6.3\repository\jakarta\annotation\jakarta.annotation-api\1.3.5\jakarta.annotation-api-1.3.5.jar;D:\Java\apache-maven-3.6.3\repository\com\alibaba\cloud\spring-cloud-starter-alibaba-nacos-config\2021.0.6.1\spring-cloud-starter-alibaba-nacos-config-2021.0.6.1.jar;D:\Java\apache-maven-3.6.3\repository\org\slf4j\slf4j-api\1.7.36\slf4j-api-1.7.36.jar;E:\JZT-java\yudao-cloud01\yudao-framework\yudao-spring-boot-starter-job\target\yudao-spring-boot-starter-job-2.3.0-jdk8-SNAPSHOT.jar;D:\Java\apache-maven-3.6.3\repository\com\xuxueli\xxl-job-core\2.4.0\xxl-job-core-2.4.0.jar;D:\Java\apache-maven-3.6.3\repository\io\netty\netty-codec-http\4.1.113.Final\netty-codec-http-4.1.113.Final.jar;D:\Java\apache-maven-3.6.3\repository\com\google\code\gson\gson\2.9.1\gson-2.9.1.jar;D:\Java\apache-maven-3.6.3\repository\org\apache\groovy\groovy\4.0.10\groovy-4.0.10.jar;E:\JZT-java\yudao-cloud01\yudao-framework\yudao-spring-boot-starter-mq\target\yudao-spring-boot-starter-mq-2.3.0-jdk8-SNAPSHOT.jar;E:\JZT-java\yudao-cloud01\yudao-framework\yudao-spring-boot-starter-test\target\yudao-spring-boot-starter-test-2.3.0-jdk8-SNAPSHOT.jar;D:\Java\apache-maven-3.6.3\repository\org\mockito\mockito-inline\4.11.0\mockito-inline-4.11.0.jar;D:\Java\apache-maven-3.6.3\repository\org\mockito\mockito-core\4.5.1\mockito-core-4.5.1.jar;D:\Java\apache-maven-3.6.3\repository\net\bytebuddy\byte-buddy-agent\1.12.23\byte-buddy-agent-1.12.23.jar;D:\Java\apache-maven-3.6.3\repository\org\objenesis\objenesis\3.2\objenesis-3.2.jar;D:\Java\apache-maven-3.6.3\repository\org\springframework\boot\spring-boot-starter-test\2.7.18\spring-boot-starter-test-2.7.18.jar;D:\Java\apache-maven-3.6.3\repository\org\springframework\boot\spring-boot-test\2.7.18\spring-boot-test-2.7.18.jar;D:\Java\apache-maven-3.6.3\repository\org\springframework\boot\spring-boot-test-autoconfigure\2.7.18\spring-boot-test-autoconfigure-2.7.18.jar;D:\Java\apache-maven-3.6.3\repository\com\jayway\jsonpath\json-path\2.7.0\json-path-2.7.0.jar;D:\Java\apache-maven-3.6.3\repository\net\minidev\json-smart\2.4.11\json-smart-2.4.11.jar;D:\Java\apache-maven-3.6.3\repository\net\minidev\accessors-smart\2.4.11\accessors-smart-2.4.11.jar;D:\Java\apache-maven-3.6.3\repository\jakarta\xml\bind\jakarta.xml.bind-api\2.3.3\jakarta.xml.bind-api-2.3.3.jar;D:\Java\apache-maven-3.6.3\repository\jakarta\activation\jakarta.activation-api\1.2.2\jakarta.activation-api-1.2.2.jar;D:\Java\apache-maven-3.6.3\repository\org\assertj\assertj-core\3.22.0\assertj-core-3.22.0.jar;D:\Java\apache-maven-3.6.3\repository\org\hamcrest\hamcrest\2.2\hamcrest-2.2.jar;D:\Java\apache-maven-3.6.3\repository\org\junit\jupiter\junit-jupiter\5.8.2\junit-jupiter-5.8.2.jar;D:\Java\apache-maven-3.6.3\repository\org\junit\jupiter\junit-jupiter-api\5.8.2\junit-jupiter-api-5.8.2.jar;D:\Java\apache-maven-3.6.3\repository\org\opentest4j\opentest4j\1.2.0\opentest4j-1.2.0.jar;D:\Java\apache-maven-3.6.3\repository\org\junit\platform\junit-platform-commons\1.8.2\junit-platform-commons-1.8.2.jar;D:\Java\apache-maven-3.6.3\repository\org\apiguardian\apiguardian-api\1.1.2\apiguardian-api-1.1.2.jar;D:\Java\apache-maven-3.6.3\repository\org\junit\jupiter\junit-jupiter-params\5.8.2\junit-jupiter-params-5.8.2.jar;D:\Java\apache-maven-3.6.3\repository\org\junit\jupiter\junit-jupiter-engine\5.8.2\junit-jupiter-engine-5.8.2.jar;D:\Java\apache-maven-3.6.3\repository\org\junit\platform\junit-platform-engine\1.8.2\junit-platform-engine-1.8.2.jar;D:\Java\apache-maven-3.6.3\repository\org\mockito\mockito-junit-jupiter\4.5.1\mockito-junit-jupiter-4.5.1.jar;D:\Java\apache-maven-3.6.3\repository\org\skyscreamer\jsonassert\1.5.1\jsonassert-1.5.1.jar;D:\Java\apache-maven-3.6.3\repository\com\vaadin\external\google\android-json\0.0.20131108.vaadin1\android-json-0.0.20131108.vaadin1.jar;D:\Java\apache-maven-3.6.3\repository\org\springframework\spring-test\5.3.39\spring-test-5.3.39.jar;D:\Java\apache-maven-3.6.3\repository\org\xmlunit\xmlunit-core\2.9.1\xmlunit-core-2.9.1.jar;D:\Java\apache-maven-3.6.3\repository\com\h2database\h2\2.1.214\h2-2.1.214.jar;D:\Java\apache-maven-3.6.3\repository\com\github\fppt\jedis-mock\1.1.4\jedis-mock-1.1.4.jar;D:\Java\apache-maven-3.6.3\repository\org\reflections\reflections\0.10.2\reflections-0.10.2.jar;D:\Java\apache-maven-3.6.3\repository\org\javassist\javassist\3.28.0-GA\javassist-3.28.0-GA.jar;D:\Java\apache-maven-3.6.3\repository\org\luaj\luaj-jse\3.0.1\luaj-jse-3.0.1.jar;D:\Java\apache-maven-3.6.3\repository\uk\co\jemos\podam\podam\7.2.11.RELEASE\podam-7.2.11.RELEASE.jar;D:\Java\apache-maven-3.6.3\repository\net\jcip\jcip-annotations\1.0\jcip-annotations-1.0.jar;D:\Java\apache-maven-3.6.3\repository\javax\annotation\javax.annotation-api\1.3.2\javax.annotation-api-1.3.2.jar;D:\Java\apache-maven-3.6.3\repository\javax\validation\validation-api\2.0.1.Final\validation-api-2.0.1.Final.jar;D:\Java\apache-maven-3.6.3\repository\org\apache\commons\commons-lang3\3.12.0\commons-lang3-3.12.0.jar;E:\JZT-java\yudao-cloud01\yudao-framework\yudao-spring-boot-starter-excel\target\yudao-spring-boot-starter-excel-2.3.0-jdk8-SNAPSHOT.jar;D:\Java\apache-maven-3.6.3\repository\com\alibaba\easyexcel\4.0.3\easyexcel-4.0.3.jar;D:\Java\apache-maven-3.6.3\repository\com\alibaba\easyexcel-core\4.0.3\easyexcel-core-4.0.3.jar;D:\Java\apache-maven-3.6.3\repository\com\alibaba\easyexcel-support\3.3.4\easyexcel-support-3.3.4.jar;D:\Java\apache-maven-3.6.3\repository\org\apache\poi\poi\5.2.5\poi-5.2.5.jar;D:\Java\apache-maven-3.6.3\repository\org\apache\commons\commons-collections4\4.4\commons-collections4-4.4.jar;D:\Java\apache-maven-3.6.3\repository\org\apache\commons\commons-math3\3.6.1\commons-math3-3.6.1.jar;D:\Java\apache-maven-3.6.3\repository\com\zaxxer\SparseBitSet\1.3\SparseBitSet-1.3.jar;D:\Java\apache-maven-3.6.3\repository\org\apache\poi\poi-ooxml\5.2.5\poi-ooxml-5.2.5.jar;D:\Java\apache-maven-3.6.3\repository\org\apache\poi\poi-ooxml-lite\5.2.5\poi-ooxml-lite-5.2.5.jar;D:\Java\apache-maven-3.6.3\repository\org\apache\xmlbeans\xmlbeans\5.2.0\xmlbeans-5.2.0.jar;D:\Java\apache-maven-3.6.3\repository\xml-apis\xml-apis\1.4.01\xml-apis-1.4.01.jar;D:\Java\apache-maven-3.6.3\repository\com\github\virtuald\curvesapi\1.08\curvesapi-1.08.jar;D:\Java\apache-maven-3.6.3\repository\org\apache\commons\commons-csv\1.11.0\commons-csv-1.11.0.jar;D:\Java\apache-maven-3.6.3\repository\org\ehcache\ehcache\3.10.8\ehcache-3.10.8.jar;D:\Java\apache-maven-3.6.3\repository\org\apache\commons\commons-compress\1.27.1\commons-compress-1.27.1.jar;D:\Java\apache-maven-3.6.3\repository\commons-io\commons-io\2.17.0\commons-io-2.17.0.jar;D:\Java\apache-maven-3.6.3\repository\org\springframework\boot\spring-boot-starter-mail\2.7.18\spring-boot-starter-mail-2.7.18.jar;D:\Java\apache-maven-3.6.3\repository\org\springframework\spring-context-support\5.3.39\spring-context-support-5.3.39.jar;D:\Java\apache-maven-3.6.3\repository\com\sun\mail\jakarta.mail\1.6.7\jakarta.mail-1.6.7.jar;D:\Java\apache-maven-3.6.3\repository\com\sun\activation\jakarta.activation\1.2.2\jakarta.activation-1.2.2.jar;E:\JZT-java\yudao-cloud01\yudao-framework\yudao-spring-boot-starter-monitor\target\yudao-spring-boot-starter-monitor-2.3.0-jdk8-SNAPSHOT.jar;D:\Java\apache-maven-3.6.3\repository\io\opentracing\opentracing-util\0.33.0\opentracing-util-0.33.0.jar;D:\Java\apache-maven-3.6.3\repository\io\opentracing\opentracing-api\0.33.0\opentracing-api-0.33.0.jar;D:\Java\apache-maven-3.6.3\repository\io\opentracing\opentracing-noop\0.33.0\opentracing-noop-0.33.0.jar;D:\Java\apache-maven-3.6.3\repository\org\apache\skywalking\apm-toolkit-trace\8.12.0\apm-toolkit-trace-8.12.0.jar;D:\Java\apache-maven-3.6.3\repository\org\apache\skywalking\apm-toolkit-logback-1.x\8.12.0\apm-toolkit-logback-1.x-8.12.0.jar;D:\Java\apache-maven-3.6.3\repository\org\apache\skywalking\apm-toolkit-opentracing\8.12.0\apm-toolkit-opentracing-8.12.0.jar;D:\Java\apache-maven-3.6.3\repository\io\micrometer\micrometer-registry-prometheus\1.9.17\micrometer-registry-prometheus-1.9.17.jar;D:\Java\apache-maven-3.6.3\repository\io\micrometer\micrometer-core\1.9.17\micrometer-core-1.9.17.jar;D:\Java\apache-maven-3.6.3\repository\org\hdrhistogram\HdrHistogram\2.1.12\HdrHistogram-2.1.12.jar;D:\Java\apache-maven-3.6.3\repository\org\latencyutils\LatencyUtils\2.0.3\LatencyUtils-2.0.3.jar;D:\Java\apache-maven-3.6.3\repository\io\prometheus\simpleclient_common\0.15.0\simpleclient_common-0.15.0.jar;D:\Java\apache-maven-3.6.3\repository\de\codecentric\spring-boot-admin-starter-client\2.7.15\spring-boot-admin-starter-client-2.7.15.jar;D:\Java\apache-maven-3.6.3\repository\de\codecentric\spring-boot-admin-client\2.7.15\spring-boot-admin-client-2.7.15.jar;D:\Java\apache-maven-3.6.3\repository\com\xingyuv\spring-boot-starter-justauth\1.0.8\spring-boot-starter-justauth-1.0.8.jar;D:\Java\apache-maven-3.6.3\repository\com\xingyuv\justauth\1.0.8\justauth-1.0.8.jar;D:\Java\apache-maven-3.6.3\repository\com\xingyuv\simple-http\1.0.8\simple-http-1.0.8.jar;D:\Java\apache-maven-3.6.3\repository\com\alibaba\fastjson\1.2.83\fastjson-1.2.83.jar;D:\Java\apache-maven-3.6.3\repository\com\github\binarywang\wx-java-mp-spring-boot-starter\4.6.0\wx-java-mp-spring-boot-starter-4.6.0.jar;D:\Java\apache-maven-3.6.3\repository\com\github\binarywang\weixin-java-mp\4.6.0\weixin-java-mp-4.6.0.jar;D:\Java\apache-maven-3.6.3\repository\com\github\binarywang\weixin-java-common\4.6.0\weixin-java-common-4.6.0.jar;D:\Java\apache-maven-3.6.3\repository\com\thoughtworks\xstream\xstream\1.4.20\xstream-1.4.20.jar;D:\Java\apache-maven-3.6.3\repository\io\github\x-stream\mxparser\1.2.2\mxparser-1.2.2.jar;D:\Java\apache-maven-3.6.3\repository\xmlpull\xmlpull\1.1.3.1\xmlpull-1.1.3.1.jar;D:\Java\apache-maven-3.6.3\repository\org\apache\httpcomponents\httpmime\4.5.14\httpmime-4.5.14.jar;D:\Java\apache-maven-3.6.3\repository\org\slf4j\jcl-over-slf4j\1.7.36\jcl-over-slf4j-1.7.36.jar;D:\Java\apache-maven-3.6.3\repository\org\dom4j\dom4j\2.1.3\dom4j-2.1.3.jar;D:\Java\apache-maven-3.6.3\repository\redis\clients\jedis\3.8.0\jedis-3.8.0.jar;D:\Java\apache-maven-3.6.3\repository\org\apache\commons\commons-pool2\2.11.1\commons-pool2-2.11.1.jar;D:\Java\apache-maven-3.6.3\repository\org\springframework\boot\spring-boot-autoconfigure\2.7.18\spring-boot-autoconfigure-2.7.18.jar;D:\Java\apache-maven-3.6.3\repository\com\github\binarywang\wx-java-miniapp-spring-boot-starter\4.6.0\wx-java-miniapp-spring-boot-starter-4.6.0.jar;D:\Java\apache-maven-3.6.3\repository\com\github\binarywang\weixin-java-miniapp\4.6.0\weixin-java-miniapp-4.6.0.jar;D:\Java\apache-maven-3.6.3\repository\org\bouncycastle\bcpkix-jdk15on\1.70\bcpkix-jdk15on-1.70.jar;D:\Java\apache-maven-3.6.3\repository\org\bouncycastle\bcprov-jdk15on\1.70\bcprov-jdk15on-1.70.jar;D:\Java\apache-maven-3.6.3\repository\org\bouncycastle\bcutil-jdk15on\1.70\bcutil-jdk15on-1.70.jar;D:\Java\apache-maven-3.6.3\repository\com\xingyuv\spring-boot-starter-captcha-plus\1.0.8\spring-boot-starter-captcha-plus-1.0.8.jar;D:\Java\apache-maven-3.6.3\repository\com\xingyuv\captcha-plus\1.0.8\captcha-plus-1.0.8.jar;"/>
    <property name="java.vm.vendor" value="Oracle Corporation"/>
    <property name="sun.arch.data.model" value="64"/>
    <property name="user.variant" value=""/>
    <property name="java.vendor.url" value="http://java.oracle.com/"/>
    <property name="user.timezone" value="Asia/Shanghai"/>
    <property name="java.vm.specification.version" value="1.8"/>
    <property name="os.name" value="Windows 11"/>
    <property name="user.country" value="CN"/>
    <property name="sun.java.launcher" value="SUN_STANDARD"/>
    <property name="sun.boot.library.path" value="D:\Java\jdk1.8.0_91\jre\bin"/>
    <property name="sun.java.command" value="C:\Windows\Temp\surefire8943634723175584279\surefirebooter687013123318793915.jar C:\Windows\Temp\surefire8943634723175584279 2024-12-03T15-13-09_051-jvmRun1 surefire6954957911105817716tmp surefire_65298812651202977269tmp"/>
    <property name="surefire.test.class.path" value="E:\JZT-java\yudao-cloud01\yudao-module-system\yudao-module-system-biz\target\test-classes;E:\JZT-java\yudao-cloud01\yudao-module-system\yudao-module-system-biz\target\classes;E:\JZT-java\yudao-cloud01\yudao-framework\yudao-spring-boot-starter-env\target\yudao-spring-boot-starter-env-2.3.0-jdk8-SNAPSHOT.jar;E:\JZT-java\yudao-cloud01\yudao-framework\yudao-common\target\yudao-common-2.3.0-jdk8-SNAPSHOT.jar;D:\Java\apache-maven-3.6.3\repository\org\mapstruct\mapstruct\1.6.2\mapstruct-1.6.2.jar;D:\Java\apache-maven-3.6.3\repository\org\mapstruct\mapstruct-jdk8\1.6.2\mapstruct-jdk8-1.6.2.jar;D:\Java\apache-maven-3.6.3\repository\org\mapstruct\mapstruct-processor\1.6.2\mapstruct-processor-1.6.2.jar;D:\Java\apache-maven-3.6.3\repository\cn\hutool\hutool-all\5.8.32\hutool-all-5.8.32.jar;D:\Java\apache-maven-3.6.3\repository\com\alibaba\transmittable-thread-local\2.14.5\transmittable-thread-local-2.14.5.jar;D:\Java\apache-maven-3.6.3\repository\org\jsoup\jsoup\1.18.1\jsoup-1.18.1.jar;D:\Java\apache-maven-3.6.3\repository\com\fhs-opensource\easy-trans-anno\3.0.6\easy-trans-anno-3.0.6.jar;D:\Java\apache-maven-3.6.3\repository\org\springframework\boot\spring-boot-starter\2.7.18\spring-boot-starter-2.7.18.jar;D:\Java\apache-maven-3.6.3\repository\org\springframework\boot\spring-boot\2.7.18\spring-boot-2.7.18.jar;D:\Java\apache-maven-3.6.3\repository\org\springframework\boot\spring-boot-starter-logging\2.7.18\spring-boot-starter-logging-2.7.18.jar;D:\Java\apache-maven-3.6.3\repository\ch\qos\logback\logback-classic\1.2.13\logback-classic-1.2.13.jar;D:\Java\apache-maven-3.6.3\repository\ch\qos\logback\logback-core\1.2.13\logback-core-1.2.13.jar;D:\Java\apache-maven-3.6.3\repository\org\apache\logging\log4j\log4j-to-slf4j\2.17.2\log4j-to-slf4j-2.17.2.jar;D:\Java\apache-maven-3.6.3\repository\org\apache\logging\log4j\log4j-api\2.17.2\log4j-api-2.17.2.jar;D:\Java\apache-maven-3.6.3\repository\org\slf4j\jul-to-slf4j\1.7.36\jul-to-slf4j-1.7.36.jar;D:\Java\apache-maven-3.6.3\repository\org\springframework\spring-core\5.3.39\spring-core-5.3.39.jar;D:\Java\apache-maven-3.6.3\repository\org\springframework\spring-jcl\5.3.39\spring-jcl-5.3.39.jar;D:\Java\apache-maven-3.6.3\repository\org\yaml\snakeyaml\1.30\snakeyaml-1.30.jar;D:\Java\apache-maven-3.6.3\repository\org\springframework\spring-web\5.3.39\spring-web-5.3.39.jar;D:\Java\apache-maven-3.6.3\repository\org\springframework\spring-beans\5.3.39\spring-beans-5.3.39.jar;D:\Java\apache-maven-3.6.3\repository\jakarta\servlet\jakarta.servlet-api\4.0.4\jakarta.servlet-api-4.0.4.jar;D:\Java\apache-maven-3.6.3\repository\org\springframework\cloud\spring-cloud-loadbalancer\3.1.8\spring-cloud-loadbalancer-3.1.8.jar;D:\Java\apache-maven-3.6.3\repository\io\projectreactor\reactor-core\3.4.34\reactor-core-3.4.34.jar;D:\Java\apache-maven-3.6.3\repository\org\reactivestreams\reactive-streams\1.0.4\reactive-streams-1.0.4.jar;D:\Java\apache-maven-3.6.3\repository\io\projectreactor\addons\reactor-extra\3.4.10\reactor-extra-3.4.10.jar;D:\Java\apache-maven-3.6.3\repository\io\github\openfeign\feign-core\11.10\feign-core-11.10.jar;E:\JZT-java\yudao-cloud01\yudao-module-system\yudao-module-system-api\target\yudao-module-system-api-2.3.0-jdk8-SNAPSHOT.jar;E:\JZT-java\yudao-cloud01\yudao-module-infra\yudao-module-infra-api\target\yudao-module-infra-api-2.3.0-jdk8-SNAPSHOT.jar;E:\JZT-java\yudao-cloud01\yudao-framework\yudao-spring-boot-starter-biz-data-permission\target\yudao-spring-boot-starter-biz-data-permission-2.3.0-jdk8-SNAPSHOT.jar;E:\JZT-java\yudao-cloud01\yudao-framework\yudao-spring-boot-starter-biz-tenant\target\yudao-spring-boot-starter-biz-tenant-2.3.0-jdk8-SNAPSHOT.jar;D:\Java\apache-maven-3.6.3\repository\com\google\guava\guava\33.2.1-jre\guava-33.2.1-jre.jar;D:\Java\apache-maven-3.6.3\repository\com\google\guava\failureaccess\1.0.2\failureaccess-1.0.2.jar;D:\Java\apache-maven-3.6.3\repository\com\google\guava\listenablefuture\9999.0-empty-to-avoid-conflict-with-guava\listenablefuture-9999.0-empty-to-avoid-conflict-with-guava.jar;D:\Java\apache-maven-3.6.3\repository\com\google\code\findbugs\jsr305\3.0.2\jsr305-3.0.2.jar;D:\Java\apache-maven-3.6.3\repository\org\checkerframework\checker-qual\3.42.0\checker-qual-3.42.0.jar;D:\Java\apache-maven-3.6.3\repository\com\google\errorprone\error_prone_annotations\2.26.1\error_prone_annotations-2.26.1.jar;D:\Java\apache-maven-3.6.3\repository\com\google\j2objc\j2objc-annotations\3.0.0\j2objc-annotations-3.0.0.jar;E:\JZT-java\yudao-cloud01\yudao-framework\yudao-spring-boot-starter-biz-ip\target\yudao-spring-boot-starter-biz-ip-2.3.0-jdk8-SNAPSHOT.jar;D:\Java\apache-maven-3.6.3\repository\org\lionsoul\ip2region\2.7.0\ip2region-2.7.0.jar;D:\Java\apache-maven-3.6.3\repository\org\projectlombok\lombok\1.18.34\lombok-1.18.34.jar;E:\JZT-java\yudao-cloud01\yudao-framework\yudao-spring-boot-starter-security\target\yudao-spring-boot-starter-security-2.3.0-jdk8-SNAPSHOT.jar;D:\Java\apache-maven-3.6.3\repository\org\springframework\boot\spring-boot-starter-aop\2.7.18\spring-boot-starter-aop-2.7.18.jar;D:\Java\apache-maven-3.6.3\repository\org\springframework\spring-aop\5.3.39\spring-aop-5.3.39.jar;D:\Java\apache-maven-3.6.3\repository\org\aspectj\aspectjweaver\1.9.7\aspectjweaver-1.9.7.jar;E:\JZT-java\yudao-cloud01\yudao-framework\yudao-spring-boot-starter-web\target\yudao-spring-boot-starter-web-2.3.0-jdk8-SNAPSHOT.jar;D:\Java\apache-maven-3.6.3\repository\org\springframework\boot\spring-boot-starter-web\2.7.18\spring-boot-starter-web-2.7.18.jar;D:\Java\apache-maven-3.6.3\repository\org\springframework\boot\spring-boot-starter-json\2.7.18\spring-boot-starter-json-2.7.18.jar;D:\Java\apache-maven-3.6.3\repository\com\fasterxml\jackson\datatype\jackson-datatype-jdk8\2.13.5\jackson-datatype-jdk8-2.13.5.jar;D:\Java\apache-maven-3.6.3\repository\com\fasterxml\jackson\module\jackson-module-parameter-names\2.13.5\jackson-module-parameter-names-2.13.5.jar;D:\Java\apache-maven-3.6.3\repository\org\springframework\boot\spring-boot-starter-tomcat\2.7.18\spring-boot-starter-tomcat-2.7.18.jar;D:\Java\apache-maven-3.6.3\repository\org\apache\tomcat\embed\tomcat-embed-core\9.0.83\tomcat-embed-core-9.0.83.jar;D:\Java\apache-maven-3.6.3\repository\org\apache\tomcat\embed\tomcat-embed-websocket\9.0.83\tomcat-embed-websocket-9.0.83.jar;D:\Java\apache-maven-3.6.3\repository\org\springframework\spring-webmvc\5.3.39\spring-webmvc-5.3.39.jar;D:\Java\apache-maven-3.6.3\repository\org\springframework\boot\spring-boot-starter-validation\2.7.18\spring-boot-starter-validation-2.7.18.jar;D:\Java\apache-maven-3.6.3\repository\org\apache\tomcat\embed\tomcat-embed-el\9.0.83\tomcat-embed-el-9.0.83.jar;D:\Java\apache-maven-3.6.3\repository\com\github\xiaoymin\knife4j-openapi3-spring-boot-starter\4.5.0\knife4j-openapi3-spring-boot-starter-4.5.0.jar;D:\Java\apache-maven-3.6.3\repository\com\github\xiaoymin\knife4j-core\4.5.0\knife4j-core-4.5.0.jar;D:\Java\apache-maven-3.6.3\repository\com\github\xiaoymin\knife4j-openapi3-ui\4.5.0\knife4j-openapi3-ui-4.5.0.jar;D:\Java\apache-maven-3.6.3\repository\org\springdoc\springdoc-openapi-ui\1.7.0\springdoc-openapi-ui-1.7.0.jar;D:\Java\apache-maven-3.6.3\repository\org\springdoc\springdoc-openapi-webmvc-core\1.7.0\springdoc-openapi-webmvc-core-1.7.0.jar;D:\Java\apache-maven-3.6.3\repository\org\springdoc\springdoc-openapi-common\1.7.0\springdoc-openapi-common-1.7.0.jar;D:\Java\apache-maven-3.6.3\repository\io\swagger\core\v3\swagger-core\2.2.9\swagger-core-2.2.9.jar;D:\Java\apache-maven-3.6.3\repository\io\swagger\core\v3\swagger-annotations\2.2.9\swagger-annotations-2.2.9.jar;D:\Java\apache-maven-3.6.3\repository\io\swagger\core\v3\swagger-models\2.2.9\swagger-models-2.2.9.jar;D:\Java\apache-maven-3.6.3\repository\org\webjars\swagger-ui\4.18.2\swagger-ui-4.18.2.jar;D:\Java\apache-maven-3.6.3\repository\org\springframework\boot\spring-boot-starter-security\2.7.18\spring-boot-starter-security-2.7.18.jar;D:\Java\apache-maven-3.6.3\repository\org\springframework\security\spring-security-config\5.8.14\spring-security-config-5.8.14.jar;D:\Java\apache-maven-3.6.3\repository\org\springframework\security\spring-security-core\5.8.14\spring-security-core-5.8.14.jar;D:\Java\apache-maven-3.6.3\repository\org\springframework\security\spring-security-web\5.8.14\spring-security-web-5.8.14.jar;D:\Java\apache-maven-3.6.3\repository\org\springframework\spring-expression\5.3.39\spring-expression-5.3.39.jar;D:\Java\apache-maven-3.6.3\repository\io\github\mouzt\bizlog-sdk\3.0.6\bizlog-sdk-3.0.6.jar;D:\Java\apache-maven-3.6.3\repository\de\danielbechler\java-object-diff\0.95\java-object-diff-0.95.jar;D:\Java\apache-maven-3.6.3\repository\com\google\code\findbugs\annotations\3.0.1\annotations-3.0.1.jar;D:\Java\apache-maven-3.6.3\repository\org\hibernate\validator\hibernate-validator\6.2.5.Final\hibernate-validator-6.2.5.Final.jar;D:\Java\apache-maven-3.6.3\repository\org\jboss\logging\jboss-logging\3.4.3.Final\jboss-logging-3.4.3.Final.jar;D:\Java\apache-maven-3.6.3\repository\com\fasterxml\classmate\1.5.1\classmate-1.5.1.jar;E:\JZT-java\yudao-cloud01\yudao-framework\yudao-spring-boot-starter-mybatis\target\yudao-spring-boot-starter-mybatis-2.3.0-jdk8-SNAPSHOT.jar;D:\Java\apache-maven-3.6.3\repository\com\mysql\mysql-connector-j\8.0.33\mysql-connector-j-8.0.33.jar;D:\Java\apache-maven-3.6.3\repository\com\alibaba\druid-spring-boot-starter\1.2.23\druid-spring-boot-starter-1.2.23.jar;D:\Java\apache-maven-3.6.3\repository\com\alibaba\druid\1.2.23\druid-1.2.23.jar;D:\Java\apache-maven-3.6.3\repository\org\glassfish\jaxb\jaxb-runtime\2.3.9\jaxb-runtime-2.3.9.jar;D:\Java\apache-maven-3.6.3\repository\org\glassfish\jaxb\txw2\2.3.9\txw2-2.3.9.jar;D:\Java\apache-maven-3.6.3\repository\com\sun\istack\istack-commons-runtime\3.0.12\istack-commons-runtime-3.0.12.jar;D:\Java\apache-maven-3.6.3\repository\com\baomidou\mybatis-plus-boot-starter\3.5.7\mybatis-plus-boot-starter-3.5.7.jar;D:\Java\apache-maven-3.6.3\repository\com\baomidou\mybatis-plus\3.5.7\mybatis-plus-3.5.7.jar;D:\Java\apache-maven-3.6.3\repository\com\baomidou\mybatis-plus-core\3.5.7\mybatis-plus-core-3.5.7.jar;D:\Java\apache-maven-3.6.3\repository\com\baomidou\mybatis-plus-annotation\3.5.7\mybatis-plus-annotation-3.5.7.jar;D:\Java\apache-maven-3.6.3\repository\com\baomidou\mybatis-plus-extension\3.5.7\mybatis-plus-extension-3.5.7.jar;D:\Java\apache-maven-3.6.3\repository\org\mybatis\mybatis\3.5.16\mybatis-3.5.16.jar;D:\Java\apache-maven-3.6.3\repository\com\github\jsqlparser\jsqlparser\4.9\jsqlparser-4.9.jar;D:\Java\apache-maven-3.6.3\repository\org\mybatis\mybatis-spring\2.1.2\mybatis-spring-2.1.2.jar;D:\Java\apache-maven-3.6.3\repository\com\baomidou\mybatis-plus-spring-boot-autoconfigure\3.5.7\mybatis-plus-spring-boot-autoconfigure-3.5.7.jar;D:\Java\apache-maven-3.6.3\repository\org\springframework\boot\spring-boot-starter-jdbc\2.7.18\spring-boot-starter-jdbc-2.7.18.jar;D:\Java\apache-maven-3.6.3\repository\com\zaxxer\HikariCP\4.0.3\HikariCP-4.0.3.jar;D:\Java\apache-maven-3.6.3\repository\org\springframework\spring-jdbc\5.3.39\spring-jdbc-5.3.39.jar;D:\Java\apache-maven-3.6.3\repository\com\baomidou\dynamic-datasource-spring-boot-starter\4.3.1\dynamic-datasource-spring-boot-starter-4.3.1.jar;D:\Java\apache-maven-3.6.3\repository\com\baomidou\dynamic-datasource-spring-boot-common\4.3.1\dynamic-datasource-spring-boot-common-4.3.1.jar;D:\Java\apache-maven-3.6.3\repository\com\baomidou\dynamic-datasource-spring\4.3.1\dynamic-datasource-spring-4.3.1.jar;D:\Java\apache-maven-3.6.3\repository\com\baomidou\dynamic-datasource-creator\4.3.1\dynamic-datasource-creator-4.3.1.jar;D:\Java\apache-maven-3.6.3\repository\com\github\yulichang\mybatis-plus-join-boot-starter\1.4.13\mybatis-plus-join-boot-starter-1.4.13.jar;D:\Java\apache-maven-3.6.3\repository\com\github\yulichang\mybatis-plus-join-extension\1.4.13\mybatis-plus-join-extension-1.4.13.jar;D:\Java\apache-maven-3.6.3\repository\com\github\yulichang\mybatis-plus-join-core\1.4.13\mybatis-plus-join-core-1.4.13.jar;D:\Java\apache-maven-3.6.3\repository\com\github\yulichang\mybatis-plus-join-annotation\1.4.13\mybatis-plus-join-annotation-1.4.13.jar;D:\Java\apache-maven-3.6.3\repository\com\github\yulichang\mybatis-plus-join-adapter-v33x\1.4.13\mybatis-plus-join-adapter-v33x-1.4.13.jar;D:\Java\apache-maven-3.6.3\repository\com\github\yulichang\mybatis-plus-join-adapter-base\1.4.13\mybatis-plus-join-adapter-base-1.4.13.jar;D:\Java\apache-maven-3.6.3\repository\com\github\yulichang\mybatis-plus-join-adapter-jsqlparser\1.4.13\mybatis-plus-join-adapter-jsqlparser-1.4.13.jar;D:\Java\apache-maven-3.6.3\repository\com\github\yulichang\mybatis-plus-join-adapter-jsqlparser-v46\1.4.13\mybatis-plus-join-adapter-jsqlparser-v46-1.4.13.jar;D:\Java\apache-maven-3.6.3\repository\com\github\yulichang\mybatis-plus-join-adapter-v3431\1.4.13\mybatis-plus-join-adapter-v3431-1.4.13.jar;D:\Java\apache-maven-3.6.3\repository\com\github\yulichang\mybatis-plus-join-adapter-v352\1.4.13\mybatis-plus-join-adapter-v352-1.4.13.jar;D:\Java\apache-maven-3.6.3\repository\com\github\yulichang\mybatis-plus-join-adapter-v355\1.4.13\mybatis-plus-join-adapter-v355-1.4.13.jar;D:\Java\apache-maven-3.6.3\repository\com\fhs-opensource\easy-trans-spring-boot-starter\3.0.6\easy-trans-spring-boot-starter-3.0.6.jar;D:\Java\apache-maven-3.6.3\repository\com\fhs-opensource\easy-trans-service\3.0.6\easy-trans-service-3.0.6.jar;D:\Java\apache-maven-3.6.3\repository\net\bytebuddy\byte-buddy\1.12.23\byte-buddy-1.12.23.jar;D:\Java\apache-maven-3.6.3\repository\com\github\ben-manes\caffeine\caffeine\2.9.3\caffeine-2.9.3.jar;D:\Java\apache-maven-3.6.3\repository\com\fhs-opensource\easy-trans-mybatis-plus-extend\3.0.6\easy-trans-mybatis-plus-extend-3.0.6.jar;D:\Java\apache-maven-3.6.3\repository\org\springframework\spring-context\5.3.39\spring-context-5.3.39.jar;E:\JZT-java\yudao-cloud01\yudao-framework\yudao-spring-boot-starter-redis\target\yudao-spring-boot-starter-redis-2.3.0-jdk8-SNAPSHOT.jar;D:\Java\apache-maven-3.6.3\repository\org\redisson\redisson-spring-boot-starter\3.36.0\redisson-spring-boot-starter-3.36.0.jar;D:\Java\apache-maven-3.6.3\repository\org\springframework\boot\spring-boot-starter-actuator\2.7.18\spring-boot-starter-actuator-2.7.18.jar;D:\Java\apache-maven-3.6.3\repository\org\springframework\boot\spring-boot-actuator-autoconfigure\2.7.18\spring-boot-actuator-autoconfigure-2.7.18.jar;D:\Java\apache-maven-3.6.3\repository\org\springframework\boot\spring-boot-actuator\2.7.18\spring-boot-actuator-2.7.18.jar;D:\Java\apache-maven-3.6.3\repository\org\springframework\boot\spring-boot-starter-data-redis\2.7.18\spring-boot-starter-data-redis-2.7.18.jar;D:\Java\apache-maven-3.6.3\repository\org\redisson\redisson\3.36.0\redisson-3.36.0.jar;D:\Java\apache-maven-3.6.3\repository\io\netty\netty-common\4.1.113.Final\netty-common-4.1.113.Final.jar;D:\Java\apache-maven-3.6.3\repository\io\netty\netty-codec\4.1.113.Final\netty-codec-4.1.113.Final.jar;D:\Java\apache-maven-3.6.3\repository\io\netty\netty-buffer\4.1.113.Final\netty-buffer-4.1.113.Final.jar;D:\Java\apache-maven-3.6.3\repository\io\netty\netty-transport\4.1.113.Final\netty-transport-4.1.113.Final.jar;D:\Java\apache-maven-3.6.3\repository\io\netty\netty-resolver\4.1.113.Final\netty-resolver-4.1.113.Final.jar;D:\Java\apache-maven-3.6.3\repository\io\netty\netty-resolver-dns\4.1.113.Final\netty-resolver-dns-4.1.113.Final.jar;D:\Java\apache-maven-3.6.3\repository\io\netty\netty-codec-dns\4.1.113.Final\netty-codec-dns-4.1.113.Final.jar;D:\Java\apache-maven-3.6.3\repository\io\netty\netty-handler\4.1.113.Final\netty-handler-4.1.113.Final.jar;D:\Java\apache-maven-3.6.3\repository\io\netty\netty-transport-native-unix-common\4.1.113.Final\netty-transport-native-unix-common-4.1.113.Final.jar;D:\Java\apache-maven-3.6.3\repository\javax\cache\cache-api\1.1.1\cache-api-1.1.1.jar;D:\Java\apache-maven-3.6.3\repository\io\reactivex\rxjava3\rxjava\3.1.8\rxjava-3.1.8.jar;D:\Java\apache-maven-3.6.3\repository\com\esotericsoftware\kryo\5.6.0\kryo-5.6.0.jar;D:\Java\apache-maven-3.6.3\repository\com\esotericsoftware\reflectasm\1.11.9\reflectasm-1.11.9.jar;D:\Java\apache-maven-3.6.3\repository\com\esotericsoftware\minlog\1.3.1\minlog-1.3.1.jar;D:\Java\apache-maven-3.6.3\repository\com\fasterxml\jackson\dataformat\jackson-dataformat-yaml\2.13.5\jackson-dataformat-yaml-2.13.5.jar;D:\Java\apache-maven-3.6.3\repository\org\jodd\jodd-util\6.2.2\jodd-util-6.2.2.jar;D:\Java\apache-maven-3.6.3\repository\org\redisson\redisson-spring-data-27\3.36.0\redisson-spring-data-27-3.36.0.jar;D:\Java\apache-maven-3.6.3\repository\org\springframework\data\spring-data-redis\2.7.18\spring-data-redis-2.7.18.jar;D:\Java\apache-maven-3.6.3\repository\org\springframework\data\spring-data-keyvalue\2.7.18\spring-data-keyvalue-2.7.18.jar;D:\Java\apache-maven-3.6.3\repository\org\springframework\data\spring-data-commons\2.7.18\spring-data-commons-2.7.18.jar;D:\Java\apache-maven-3.6.3\repository\org\springframework\spring-tx\5.3.39\spring-tx-5.3.39.jar;D:\Java\apache-maven-3.6.3\repository\org\springframework\spring-oxm\5.3.39\spring-oxm-5.3.39.jar;D:\Java\apache-maven-3.6.3\repository\org\springframework\boot\spring-boot-starter-cache\2.7.18\spring-boot-starter-cache-2.7.18.jar;D:\Java\apache-maven-3.6.3\repository\com\fasterxml\jackson\datatype\jackson-datatype-jsr310\2.13.5\jackson-datatype-jsr310-2.13.5.jar;D:\Java\apache-maven-3.6.3\repository\com\fasterxml\jackson\core\jackson-annotations\2.13.5\jackson-annotations-2.13.5.jar;D:\Java\apache-maven-3.6.3\repository\com\fasterxml\jackson\core\jackson-core\2.13.5\jackson-core-2.13.5.jar;D:\Java\apache-maven-3.6.3\repository\com\fasterxml\jackson\core\jackson-databind\2.13.5\jackson-databind-2.13.5.jar;E:\JZT-java\yudao-cloud01\yudao-framework\yudao-spring-boot-starter-rpc\target\yudao-spring-boot-starter-rpc-2.3.0-jdk8-SNAPSHOT.jar;D:\Java\apache-maven-3.6.3\repository\org\springframework\cloud\spring-cloud-starter-loadbalancer\3.1.8\spring-cloud-starter-loadbalancer-3.1.8.jar;D:\Java\apache-maven-3.6.3\repository\org\springframework\cloud\spring-cloud-starter\3.1.8\spring-cloud-starter-3.1.8.jar;D:\Java\apache-maven-3.6.3\repository\org\springframework\security\spring-security-rsa\1.0.12.RELEASE\spring-security-rsa-1.0.12.RELEASE.jar;D:\Java\apache-maven-3.6.3\repository\org\bouncycastle\bcpkix-jdk18on\1.73\bcpkix-jdk18on-1.73.jar;D:\Java\apache-maven-3.6.3\repository\org\bouncycastle\bcprov-jdk18on\1.73\bcprov-jdk18on-1.73.jar;D:\Java\apache-maven-3.6.3\repository\org\bouncycastle\bcutil-jdk18on\1.73\bcutil-jdk18on-1.73.jar;D:\Java\apache-maven-3.6.3\repository\com\stoyanr\evictor\1.0.0\evictor-1.0.0.jar;D:\Java\apache-maven-3.6.3\repository\org\springframework\cloud\spring-cloud-starter-openfeign\3.1.9\spring-cloud-starter-openfeign-3.1.9.jar;D:\Java\apache-maven-3.6.3\repository\org\springframework\cloud\spring-cloud-openfeign-core\3.1.9\spring-cloud-openfeign-core-3.1.9.jar;D:\Java\apache-maven-3.6.3\repository\io\github\openfeign\form\feign-form-spring\3.8.0\feign-form-spring-3.8.0.jar;D:\Java\apache-maven-3.6.3\repository\io\github\openfeign\form\feign-form\3.8.0\feign-form-3.8.0.jar;D:\Java\apache-maven-3.6.3\repository\commons-fileupload\commons-fileupload\1.5\commons-fileupload-1.5.jar;D:\Java\apache-maven-3.6.3\repository\io\github\openfeign\feign-slf4j\11.10\feign-slf4j-11.10.jar;D:\Java\apache-maven-3.6.3\repository\io\github\openfeign\feign-okhttp\11.10\feign-okhttp-11.10.jar;D:\Java\apache-maven-3.6.3\repository\com\squareup\okhttp3\okhttp\4.9.3\okhttp-4.9.3.jar;D:\Java\apache-maven-3.6.3\repository\com\squareup\okio\okio\2.8.0\okio-2.8.0.jar;D:\Java\apache-maven-3.6.3\repository\org\jetbrains\kotlin\kotlin-stdlib-common\1.6.21\kotlin-stdlib-common-1.6.21.jar;D:\Java\apache-maven-3.6.3\repository\org\jetbrains\kotlin\kotlin-stdlib\1.6.21\kotlin-stdlib-1.6.21.jar;D:\Java\apache-maven-3.6.3\repository\org\jetbrains\annotations\13.0\annotations-13.0.jar;D:\Java\apache-maven-3.6.3\repository\jakarta\validation\jakarta.validation-api\2.0.2\jakarta.validation-api-2.0.2.jar;D:\Java\apache-maven-3.6.3\repository\com\alibaba\cloud\spring-cloud-starter-alibaba-nacos-discovery\2021.0.6.1\spring-cloud-starter-alibaba-nacos-discovery-2021.0.6.1.jar;D:\Java\apache-maven-3.6.3\repository\com\alibaba\cloud\spring-cloud-alibaba-commons\2021.0.6.1\spring-cloud-alibaba-commons-2021.0.6.1.jar;D:\Java\apache-maven-3.6.3\repository\com\alibaba\nacos\nacos-client\2.2.0\nacos-client-2.2.0.jar;D:\Java\apache-maven-3.6.3\repository\com\alibaba\nacos\nacos-auth-plugin\2.2.0\nacos-auth-plugin-2.2.0.jar;D:\Java\apache-maven-3.6.3\repository\com\alibaba\nacos\nacos-encryption-plugin\2.2.0\nacos-encryption-plugin-2.2.0.jar;D:\Java\apache-maven-3.6.3\repository\commons-codec\commons-codec\1.15\commons-codec-1.15.jar;D:\Java\apache-maven-3.6.3\repository\org\apache\httpcomponents\httpasyncclient\4.1.5\httpasyncclient-4.1.5.jar;D:\Java\apache-maven-3.6.3\repository\org\apache\httpcomponents\httpcore\4.4.16\httpcore-4.4.16.jar;D:\Java\apache-maven-3.6.3\repository\org\apache\httpcomponents\httpcore-nio\4.4.16\httpcore-nio-4.4.16.jar;D:\Java\apache-maven-3.6.3\repository\org\apache\httpcomponents\httpclient\4.5.14\httpclient-4.5.14.jar;D:\Java\apache-maven-3.6.3\repository\io\prometheus\simpleclient\0.15.0\simpleclient-0.15.0.jar;D:\Java\apache-maven-3.6.3\repository\io\prometheus\simpleclient_tracer_otel\0.15.0\simpleclient_tracer_otel-0.15.0.jar;D:\Java\apache-maven-3.6.3\repository\io\prometheus\simpleclient_tracer_common\0.15.0\simpleclient_tracer_common-0.15.0.jar;D:\Java\apache-maven-3.6.3\repository\io\prometheus\simpleclient_tracer_otel_agent\0.15.0\simpleclient_tracer_otel_agent-0.15.0.jar;D:\Java\apache-maven-3.6.3\repository\com\alibaba\spring\spring-context-support\1.0.11\spring-context-support-1.0.11.jar;D:\Java\apache-maven-3.6.3\repository\org\springframework\cloud\spring-cloud-commons\3.1.8\spring-cloud-commons-3.1.8.jar;D:\Java\apache-maven-3.6.3\repository\org\springframework\security\spring-security-crypto\5.8.14\spring-security-crypto-5.8.14.jar;D:\Java\apache-maven-3.6.3\repository\org\springframework\cloud\spring-cloud-context\3.1.8\spring-cloud-context-3.1.8.jar;D:\Java\apache-maven-3.6.3\repository\jakarta\annotation\jakarta.annotation-api\1.3.5\jakarta.annotation-api-1.3.5.jar;D:\Java\apache-maven-3.6.3\repository\com\alibaba\cloud\spring-cloud-starter-alibaba-nacos-config\2021.0.6.1\spring-cloud-starter-alibaba-nacos-config-2021.0.6.1.jar;D:\Java\apache-maven-3.6.3\repository\org\slf4j\slf4j-api\1.7.36\slf4j-api-1.7.36.jar;E:\JZT-java\yudao-cloud01\yudao-framework\yudao-spring-boot-starter-job\target\yudao-spring-boot-starter-job-2.3.0-jdk8-SNAPSHOT.jar;D:\Java\apache-maven-3.6.3\repository\com\xuxueli\xxl-job-core\2.4.0\xxl-job-core-2.4.0.jar;D:\Java\apache-maven-3.6.3\repository\io\netty\netty-codec-http\4.1.113.Final\netty-codec-http-4.1.113.Final.jar;D:\Java\apache-maven-3.6.3\repository\com\google\code\gson\gson\2.9.1\gson-2.9.1.jar;D:\Java\apache-maven-3.6.3\repository\org\apache\groovy\groovy\4.0.10\groovy-4.0.10.jar;E:\JZT-java\yudao-cloud01\yudao-framework\yudao-spring-boot-starter-mq\target\yudao-spring-boot-starter-mq-2.3.0-jdk8-SNAPSHOT.jar;E:\JZT-java\yudao-cloud01\yudao-framework\yudao-spring-boot-starter-test\target\yudao-spring-boot-starter-test-2.3.0-jdk8-SNAPSHOT.jar;D:\Java\apache-maven-3.6.3\repository\org\mockito\mockito-inline\4.11.0\mockito-inline-4.11.0.jar;D:\Java\apache-maven-3.6.3\repository\org\mockito\mockito-core\4.5.1\mockito-core-4.5.1.jar;D:\Java\apache-maven-3.6.3\repository\net\bytebuddy\byte-buddy-agent\1.12.23\byte-buddy-agent-1.12.23.jar;D:\Java\apache-maven-3.6.3\repository\org\objenesis\objenesis\3.2\objenesis-3.2.jar;D:\Java\apache-maven-3.6.3\repository\org\springframework\boot\spring-boot-starter-test\2.7.18\spring-boot-starter-test-2.7.18.jar;D:\Java\apache-maven-3.6.3\repository\org\springframework\boot\spring-boot-test\2.7.18\spring-boot-test-2.7.18.jar;D:\Java\apache-maven-3.6.3\repository\org\springframework\boot\spring-boot-test-autoconfigure\2.7.18\spring-boot-test-autoconfigure-2.7.18.jar;D:\Java\apache-maven-3.6.3\repository\com\jayway\jsonpath\json-path\2.7.0\json-path-2.7.0.jar;D:\Java\apache-maven-3.6.3\repository\net\minidev\json-smart\2.4.11\json-smart-2.4.11.jar;D:\Java\apache-maven-3.6.3\repository\net\minidev\accessors-smart\2.4.11\accessors-smart-2.4.11.jar;D:\Java\apache-maven-3.6.3\repository\jakarta\xml\bind\jakarta.xml.bind-api\2.3.3\jakarta.xml.bind-api-2.3.3.jar;D:\Java\apache-maven-3.6.3\repository\jakarta\activation\jakarta.activation-api\1.2.2\jakarta.activation-api-1.2.2.jar;D:\Java\apache-maven-3.6.3\repository\org\assertj\assertj-core\3.22.0\assertj-core-3.22.0.jar;D:\Java\apache-maven-3.6.3\repository\org\hamcrest\hamcrest\2.2\hamcrest-2.2.jar;D:\Java\apache-maven-3.6.3\repository\org\junit\jupiter\junit-jupiter\5.8.2\junit-jupiter-5.8.2.jar;D:\Java\apache-maven-3.6.3\repository\org\junit\jupiter\junit-jupiter-api\5.8.2\junit-jupiter-api-5.8.2.jar;D:\Java\apache-maven-3.6.3\repository\org\opentest4j\opentest4j\1.2.0\opentest4j-1.2.0.jar;D:\Java\apache-maven-3.6.3\repository\org\junit\platform\junit-platform-commons\1.8.2\junit-platform-commons-1.8.2.jar;D:\Java\apache-maven-3.6.3\repository\org\apiguardian\apiguardian-api\1.1.2\apiguardian-api-1.1.2.jar;D:\Java\apache-maven-3.6.3\repository\org\junit\jupiter\junit-jupiter-params\5.8.2\junit-jupiter-params-5.8.2.jar;D:\Java\apache-maven-3.6.3\repository\org\junit\jupiter\junit-jupiter-engine\5.8.2\junit-jupiter-engine-5.8.2.jar;D:\Java\apache-maven-3.6.3\repository\org\junit\platform\junit-platform-engine\1.8.2\junit-platform-engine-1.8.2.jar;D:\Java\apache-maven-3.6.3\repository\org\mockito\mockito-junit-jupiter\4.5.1\mockito-junit-jupiter-4.5.1.jar;D:\Java\apache-maven-3.6.3\repository\org\skyscreamer\jsonassert\1.5.1\jsonassert-1.5.1.jar;D:\Java\apache-maven-3.6.3\repository\com\vaadin\external\google\android-json\0.0.20131108.vaadin1\android-json-0.0.20131108.vaadin1.jar;D:\Java\apache-maven-3.6.3\repository\org\springframework\spring-test\5.3.39\spring-test-5.3.39.jar;D:\Java\apache-maven-3.6.3\repository\org\xmlunit\xmlunit-core\2.9.1\xmlunit-core-2.9.1.jar;D:\Java\apache-maven-3.6.3\repository\com\h2database\h2\2.1.214\h2-2.1.214.jar;D:\Java\apache-maven-3.6.3\repository\com\github\fppt\jedis-mock\1.1.4\jedis-mock-1.1.4.jar;D:\Java\apache-maven-3.6.3\repository\org\reflections\reflections\0.10.2\reflections-0.10.2.jar;D:\Java\apache-maven-3.6.3\repository\org\javassist\javassist\3.28.0-GA\javassist-3.28.0-GA.jar;D:\Java\apache-maven-3.6.3\repository\org\luaj\luaj-jse\3.0.1\luaj-jse-3.0.1.jar;D:\Java\apache-maven-3.6.3\repository\uk\co\jemos\podam\podam\7.2.11.RELEASE\podam-7.2.11.RELEASE.jar;D:\Java\apache-maven-3.6.3\repository\net\jcip\jcip-annotations\1.0\jcip-annotations-1.0.jar;D:\Java\apache-maven-3.6.3\repository\javax\annotation\javax.annotation-api\1.3.2\javax.annotation-api-1.3.2.jar;D:\Java\apache-maven-3.6.3\repository\javax\validation\validation-api\2.0.1.Final\validation-api-2.0.1.Final.jar;D:\Java\apache-maven-3.6.3\repository\org\apache\commons\commons-lang3\3.12.0\commons-lang3-3.12.0.jar;E:\JZT-java\yudao-cloud01\yudao-framework\yudao-spring-boot-starter-excel\target\yudao-spring-boot-starter-excel-2.3.0-jdk8-SNAPSHOT.jar;D:\Java\apache-maven-3.6.3\repository\com\alibaba\easyexcel\4.0.3\easyexcel-4.0.3.jar;D:\Java\apache-maven-3.6.3\repository\com\alibaba\easyexcel-core\4.0.3\easyexcel-core-4.0.3.jar;D:\Java\apache-maven-3.6.3\repository\com\alibaba\easyexcel-support\3.3.4\easyexcel-support-3.3.4.jar;D:\Java\apache-maven-3.6.3\repository\org\apache\poi\poi\5.2.5\poi-5.2.5.jar;D:\Java\apache-maven-3.6.3\repository\org\apache\commons\commons-collections4\4.4\commons-collections4-4.4.jar;D:\Java\apache-maven-3.6.3\repository\org\apache\commons\commons-math3\3.6.1\commons-math3-3.6.1.jar;D:\Java\apache-maven-3.6.3\repository\com\zaxxer\SparseBitSet\1.3\SparseBitSet-1.3.jar;D:\Java\apache-maven-3.6.3\repository\org\apache\poi\poi-ooxml\5.2.5\poi-ooxml-5.2.5.jar;D:\Java\apache-maven-3.6.3\repository\org\apache\poi\poi-ooxml-lite\5.2.5\poi-ooxml-lite-5.2.5.jar;D:\Java\apache-maven-3.6.3\repository\org\apache\xmlbeans\xmlbeans\5.2.0\xmlbeans-5.2.0.jar;D:\Java\apache-maven-3.6.3\repository\xml-apis\xml-apis\1.4.01\xml-apis-1.4.01.jar;D:\Java\apache-maven-3.6.3\repository\com\github\virtuald\curvesapi\1.08\curvesapi-1.08.jar;D:\Java\apache-maven-3.6.3\repository\org\apache\commons\commons-csv\1.11.0\commons-csv-1.11.0.jar;D:\Java\apache-maven-3.6.3\repository\org\ehcache\ehcache\3.10.8\ehcache-3.10.8.jar;D:\Java\apache-maven-3.6.3\repository\org\apache\commons\commons-compress\1.27.1\commons-compress-1.27.1.jar;D:\Java\apache-maven-3.6.3\repository\commons-io\commons-io\2.17.0\commons-io-2.17.0.jar;D:\Java\apache-maven-3.6.3\repository\org\springframework\boot\spring-boot-starter-mail\2.7.18\spring-boot-starter-mail-2.7.18.jar;D:\Java\apache-maven-3.6.3\repository\org\springframework\spring-context-support\5.3.39\spring-context-support-5.3.39.jar;D:\Java\apache-maven-3.6.3\repository\com\sun\mail\jakarta.mail\1.6.7\jakarta.mail-1.6.7.jar;D:\Java\apache-maven-3.6.3\repository\com\sun\activation\jakarta.activation\1.2.2\jakarta.activation-1.2.2.jar;E:\JZT-java\yudao-cloud01\yudao-framework\yudao-spring-boot-starter-monitor\target\yudao-spring-boot-starter-monitor-2.3.0-jdk8-SNAPSHOT.jar;D:\Java\apache-maven-3.6.3\repository\io\opentracing\opentracing-util\0.33.0\opentracing-util-0.33.0.jar;D:\Java\apache-maven-3.6.3\repository\io\opentracing\opentracing-api\0.33.0\opentracing-api-0.33.0.jar;D:\Java\apache-maven-3.6.3\repository\io\opentracing\opentracing-noop\0.33.0\opentracing-noop-0.33.0.jar;D:\Java\apache-maven-3.6.3\repository\org\apache\skywalking\apm-toolkit-trace\8.12.0\apm-toolkit-trace-8.12.0.jar;D:\Java\apache-maven-3.6.3\repository\org\apache\skywalking\apm-toolkit-logback-1.x\8.12.0\apm-toolkit-logback-1.x-8.12.0.jar;D:\Java\apache-maven-3.6.3\repository\org\apache\skywalking\apm-toolkit-opentracing\8.12.0\apm-toolkit-opentracing-8.12.0.jar;D:\Java\apache-maven-3.6.3\repository\io\micrometer\micrometer-registry-prometheus\1.9.17\micrometer-registry-prometheus-1.9.17.jar;D:\Java\apache-maven-3.6.3\repository\io\micrometer\micrometer-core\1.9.17\micrometer-core-1.9.17.jar;D:\Java\apache-maven-3.6.3\repository\org\hdrhistogram\HdrHistogram\2.1.12\HdrHistogram-2.1.12.jar;D:\Java\apache-maven-3.6.3\repository\org\latencyutils\LatencyUtils\2.0.3\LatencyUtils-2.0.3.jar;D:\Java\apache-maven-3.6.3\repository\io\prometheus\simpleclient_common\0.15.0\simpleclient_common-0.15.0.jar;D:\Java\apache-maven-3.6.3\repository\de\codecentric\spring-boot-admin-starter-client\2.7.15\spring-boot-admin-starter-client-2.7.15.jar;D:\Java\apache-maven-3.6.3\repository\de\codecentric\spring-boot-admin-client\2.7.15\spring-boot-admin-client-2.7.15.jar;D:\Java\apache-maven-3.6.3\repository\com\xingyuv\spring-boot-starter-justauth\1.0.8\spring-boot-starter-justauth-1.0.8.jar;D:\Java\apache-maven-3.6.3\repository\com\xingyuv\justauth\1.0.8\justauth-1.0.8.jar;D:\Java\apache-maven-3.6.3\repository\com\xingyuv\simple-http\1.0.8\simple-http-1.0.8.jar;D:\Java\apache-maven-3.6.3\repository\com\alibaba\fastjson\1.2.83\fastjson-1.2.83.jar;D:\Java\apache-maven-3.6.3\repository\com\github\binarywang\wx-java-mp-spring-boot-starter\4.6.0\wx-java-mp-spring-boot-starter-4.6.0.jar;D:\Java\apache-maven-3.6.3\repository\com\github\binarywang\weixin-java-mp\4.6.0\weixin-java-mp-4.6.0.jar;D:\Java\apache-maven-3.6.3\repository\com\github\binarywang\weixin-java-common\4.6.0\weixin-java-common-4.6.0.jar;D:\Java\apache-maven-3.6.3\repository\com\thoughtworks\xstream\xstream\1.4.20\xstream-1.4.20.jar;D:\Java\apache-maven-3.6.3\repository\io\github\x-stream\mxparser\1.2.2\mxparser-1.2.2.jar;D:\Java\apache-maven-3.6.3\repository\xmlpull\xmlpull\1.1.3.1\xmlpull-1.1.3.1.jar;D:\Java\apache-maven-3.6.3\repository\org\apache\httpcomponents\httpmime\4.5.14\httpmime-4.5.14.jar;D:\Java\apache-maven-3.6.3\repository\org\slf4j\jcl-over-slf4j\1.7.36\jcl-over-slf4j-1.7.36.jar;D:\Java\apache-maven-3.6.3\repository\org\dom4j\dom4j\2.1.3\dom4j-2.1.3.jar;D:\Java\apache-maven-3.6.3\repository\redis\clients\jedis\3.8.0\jedis-3.8.0.jar;D:\Java\apache-maven-3.6.3\repository\org\apache\commons\commons-pool2\2.11.1\commons-pool2-2.11.1.jar;D:\Java\apache-maven-3.6.3\repository\org\springframework\boot\spring-boot-autoconfigure\2.7.18\spring-boot-autoconfigure-2.7.18.jar;D:\Java\apache-maven-3.6.3\repository\com\github\binarywang\wx-java-miniapp-spring-boot-starter\4.6.0\wx-java-miniapp-spring-boot-starter-4.6.0.jar;D:\Java\apache-maven-3.6.3\repository\com\github\binarywang\weixin-java-miniapp\4.6.0\weixin-java-miniapp-4.6.0.jar;D:\Java\apache-maven-3.6.3\repository\org\bouncycastle\bcpkix-jdk15on\1.70\bcpkix-jdk15on-1.70.jar;D:\Java\apache-maven-3.6.3\repository\org\bouncycastle\bcprov-jdk15on\1.70\bcprov-jdk15on-1.70.jar;D:\Java\apache-maven-3.6.3\repository\org\bouncycastle\bcutil-jdk15on\1.70\bcutil-jdk15on-1.70.jar;D:\Java\apache-maven-3.6.3\repository\com\xingyuv\spring-boot-starter-captcha-plus\1.0.8\spring-boot-starter-captcha-plus-1.0.8.jar;D:\Java\apache-maven-3.6.3\repository\com\xingyuv\captcha-plus\1.0.8\captcha-plus-1.0.8.jar;"/>
    <property name="sun.cpu.endian" value="little"/>
    <property name="user.home" value="C:\Users\86159"/>
    <property name="user.language" value="zh"/>
    <property name="java.specification.vendor" value="Oracle Corporation"/>
    <property name="java.home" value="D:\Java\jdk1.8.0_91\jre"/>
    <property name="basedir" value="E:\JZT-java\yudao-cloud01\yudao-module-system\yudao-module-system-biz"/>
    <property name="file.separator" value="\"/>
    <property name="line.separator" value="&#10;"/>
    <property name="java.vm.specification.vendor" value="Oracle Corporation"/>
    <property name="java.specification.name" value="Java Platform API Specification"/>
    <property name="java.awt.graphicsenv" value="sun.awt.Win32GraphicsEnvironment"/>
    <property name="surefire.real.class.path" value="C:\Windows\Temp\surefire8943634723175584279\surefirebooter687013123318793915.jar"/>
    <property name="sun.boot.class.path" value="D:\Java\jdk1.8.0_91\jre\lib\resources.jar;D:\Java\jdk1.8.0_91\jre\lib\rt.jar;D:\Java\jdk1.8.0_91\jre\lib\jsse.jar;D:\Java\jdk1.8.0_91\jre\lib\jce.jar;D:\Java\jdk1.8.0_91\jre\lib\charsets.jar;D:\Java\jdk1.8.0_91\jre\lib\jfr.jar;D:\Java\jdk1.8.0_91\jre\classes"/>
    <property name="user.script" value=""/>
    <property name="sun.management.compiler" value="HotSpot 64-Bit Tiered Compilers"/>
    <property name="java.runtime.version" value="1.8.0_341-b10"/>
    <property name="user.name" value="86159"/>
    <property name="path.separator" value=";"/>
    <property name="os.version" value="10.0"/>
    <property name="java.endorsed.dirs" value="D:\Java\jdk1.8.0_91\jre\lib\endorsed"/>
    <property name="java.runtime.name" value="Java(TM) SE Runtime Environment"/>
    <property name="file.encoding" value="GBK"/>
    <property name="java.vm.name" value="Java HotSpot(TM) 64-Bit Server VM"/>
    <property name="localRepository" value="D:\Java\apache-maven-3.6.3\repository"/>
    <property name="java.vendor.url.bug" value="http://bugreport.sun.com/bugreport/"/>
    <property name="java.io.tmpdir" value="C:\WINDOWS\TEMP\"/>
    <property name="idea.version" value="2023.2.3"/>
    <property name="java.version" value="1.8.0_341"/>
    <property name="user.dir" value="E:\JZT-java\yudao-cloud01\yudao-module-system\yudao-module-system-biz"/>
    <property name="os.arch" value="amd64"/>
    <property name="java.vm.specification.name" value="Java Virtual Machine Specification"/>
    <property name="java.awt.printerjob" value="sun.awt.windows.WPrinterJob"/>
    <property name="sun.os.patch.level" value=""/>
    <property name="java.library.path" value="D:\Java\jdk1.8.0_91\jre\bin;C:\WINDOWS\Sun\Java\bin;C:\WINDOWS\system32;C:\WINDOWS;C:\Program Files (x86)\VMware\VMware Workstation\bin\;C:\Program Files\Microsoft MPI\Bin\;C:\Program Files\Common Files\Oracle\Java\javapath;C:\Program Files (x86)\Common Files\Oracle\Java\javapath;C:\Users\86159\Desktop\新建文件夹\Scripts\;C:\U;ers\86159\Desktop\新建文件夹\;C:\P;thon27\Scripts\;C:\Python27\;C:\Users\86159\Desktop\Scripts\;C:\Users\86159\Desktop\;C:\Program Files (x86)\NVIDIA Corporation\PhysX\Common;C:\WINDOWS\system32;C:\WINDOWS;C:\WINDOWS\System32\Wbem;C:\WINDOWS\System32\WindowsPowerShell\v1.0\;C:\WINDOWS\System32\OpenSSH\;C:\Program Files\Java\jdk-20\bin;C:\Program Files (x86)\Microsoft SQL Server\160\Tools\Binn\;C:\Program Files\Microsoft SQL Server\160\Tools\Binn\;C:\Program Files\Microsoft SQL Server\Client SDK\ODBC\170\Tools\Binn\;C:\Program Files\Microsoft SQL Server\160\DTS\Binn\;C:\Program Files (x86)\Microsoft SQL Server\160\DTS\Binn\;C:\Program Files\Azure Data Studio\bin;D:\apache-tomcat-8.5.95\bin;C:\ProgramData\chocolatey\bin;D:\tools\nodejs\node_global\node_modules;D:\tools\nodejs;D:\微信web开发者工具\dll;C:\P;ogram Files\Git\cmd;C:\Program Files\Git\cmd;C:\Program Files\Git\bin;D:\Windows Kits\10\Windows Performance Toolkit\;D:\Java\apache-maven-3.6.3\bin;C:\Program Files\dotnet\;C:\Drivers\chromedriver-win64;D:\tools\;D:\Microsoft VS Code\bin;."/>
    <property name="java.vm.info" value="mixed mode"/>
    <property name="java.vendor" value="Oracle Corporation"/>
    <property name="java.vm.version" value="25.341-b10"/>
    <property name="java.ext.dirs" value="D:\Java\jdk1.8.0_91\jre\lib\ext;C:\WINDOWS\Sun\Java\lib\ext"/>
    <property name="sun.io.unicode.encoding" value="UnicodeLittle"/>
    <property name="maven.repo.local" value="D:\Java\apache-maven-3.6.3\repository"/>
    <property name="java.class.version" value="52.0"/>
  </properties>
  <testcase name="testDoSendSms_success" classname="cn.iocoder.yudao.module.system.framework.sms.core.client.impl.HuaweiSmsClientTest" time="0.003"/>
  <testcase name="testDoSendSms_fail_01" classname="cn.iocoder.yudao.module.system.framework.sms.core.client.impl.HuaweiSmsClientTest" time="0.001"/>
  <testcase name="testDoSendSms_fail_02" classname="cn.iocoder.yudao.module.system.framework.sms.core.client.impl.HuaweiSmsClientTest" time="0.001"/>
  <testcase name="testParseSmsReceiveStatus" classname="cn.iocoder.yudao.module.system.framework.sms.core.client.impl.HuaweiSmsClientTest" time="0.009"/>
</testsuite>